-------------------------------------------------------------------------------
Test set: Company.supp.SuppApplicationTests
-------------------------------------------------------------------------------
Tests run: 1, Failures: 0, Errors: 1, Skipped: 0, Time elapsed: 3.854 s <<< FAILURE! - in Company.supp.SuppApplicationTests
contextLoads  Time elapsed: 0.001 s  <<< ERROR!
java.lang.IllegalStateException: Failed to load ApplicationContext
Caused by: org.springframework.beans.factory.BeanCreationException: Error creating bean with name 'org.springframework.security.config.annotation.web.configuration.WebSecurityConfiguration': Injection of autowired dependencies failed; nested exception is java.lang.RuntimeException: Could not postProcess org.springframework.security.config.annotation.web.builders.WebSecurity@6774f264 of type class org.springframework.security.config.annotation.web.builders.WebSecurity
Caused by: java.lang.RuntimeException: Could not postProcess org.springframework.security.config.annotation.web.builders.WebSecurity@6774f264 of type class org.springframework.security.config.annotation.web.builders.WebSecurity
Caused by: java.lang.IllegalStateException: Failed to introspect Class [org.springframework.security.config.annotation.web.builders.WebSecurity] from ClassLoader [sun.misc.Launcher$AppClassLoader@42a57993]
Caused by: java.lang.NoClassDefFoundError: org/springframework/security/web/util/matcher/RequestMatcherEntry
Caused by: java.lang.ClassNotFoundException: org.springframework.security.web.util.matcher.RequestMatcherEntry

